InstaPhoto/ParseStarterProject/build/intermediates/manifest_merge_blame_file/debug/manifest-merger-blame-debug-report.txt
1<?xml version="1.0" encoding="utf-8"?>
2<!--
3  ~ Copyright (c) 2015-present, Parse, LLC.
4  ~ All rights reserved.
5  ~
6  ~ This source code is licensed under the BSD-style license found in the
7  ~ LICENSE file in the root directory of this source tree. An additional grant
8  ~ of patent rights can be found in the PATENTS file in the same directory.
9-->
10<manifest xmlns:android="http://schemas.android.com/apk/res/android"
11    package="com.parse.starter"
12    android:versionCode="1"
13    android:versionName="1.0" >
14
15    <uses-sdk
16        android:minSdkVersion="26"
16-->src/main/AndroidManifest.xml
17        android:targetSdkVersion="26" />
17-->src/main/AndroidManifest.xml
18
19    <uses-permission android:name="android.permission.INTERNET" />
19-->src/main/AndroidManifest.xml:12:5-67
19-->src/main/AndroidManifest.xml:12:22-64
20    <uses-permission android:name="android.permission.ACCESS_NETWORK_STATE" />
20-->src/main/AndroidManifest.xml:13:5-79
20-->src/main/AndroidManifest.xml:13:22-76
21    <uses-permission android:name="android.permission.READ_EXTERNAL_STORAGE" />
21-->src/main/AndroidManifest.xml:14:5-80
21-->src/main/AndroidManifest.xml:14:22-77
22    <uses-permission android:name="android.permission.ACCESS_FINE_LOCATION" />
22-->src/main/AndroidManifest.xml:15:5-79
22-->src/main/AndroidManifest.xml:15:22-76
23
24    <!-- Optional permission for Analytics to run. -->
25    <uses-permission android:name="android.permission.WAKE_LOCK" /> <!-- Permissions required for GCM -->
25-->[com.google.android.gms:play-services-analytics:9.4.0] AndroidManifest.xml:25:5-67
25-->[com.google.android.gms:play-services-analytics:9.4.0] AndroidManifest.xml:25:22-65
26    <uses-permission android:name="com.google.android.c2dm.permission.RECEIVE" />
26-->[com.google.android.gms:play-services-gcm:9.4.0] AndroidManifest.xml:21:5-82
26-->[com.google.android.gms:play-services-gcm:9.4.0] AndroidManifest.xml:21:22-79
27
28    <uses-feature
28-->[com.google.android.gms:play-services-maps:9.4.0] AndroidManifest.xml:22:5-24:33
29        android:glEsVersion="0x00020000"
29-->[com.google.android.gms:play-services-maps:9.4.0] AndroidManifest.xml:23:8-40
30        android:required="true" />
30-->[com.google.android.gms:play-services-maps:9.4.0] AndroidManifest.xml:24:8-31
31
32    <permission
32-->[com.google.firebase:firebase-iid:9.4.0] AndroidManifest.xml:25:5-26:47
33        android:name="com.parse.starter.permission.C2D_MESSAGE"
33-->[com.google.firebase:firebase-iid:9.4.0] AndroidManifest.xml:25:17-71
34        android:protectionLevel="signature" />
34-->[com.google.firebase:firebase-iid:9.4.0] AndroidManifest.xml:26:9-44
35
36    <uses-permission android:name="com.parse.starter.permission.C2D_MESSAGE" />
36-->[com.google.firebase:firebase-iid:9.4.0] AndroidManifest.xml:28:5-79
36-->[com.google.firebase:firebase-iid:9.4.0] AndroidManifest.xml:28:22-76
37
38    <application
38-->src/main/AndroidManifest.xml:17:5-34:19
39        android:name="com.parse.starter.StarterApplication"
39-->src/main/AndroidManifest.xml:18:9-43
40        android:allowBackup="true"
40-->src/main/AndroidManifest.xml:19:9-35
41        android:debuggable="true"
42        android:extractNativeLibs="false"
43        android:icon="@mipmap/ic_launcher"
43-->src/main/AndroidManifest.xml:20:9-43
44        android:label="@string/app_name"
44-->src/main/AndroidManifest.xml:21:9-41
45        android:testOnly="true"
46        android:theme="@style/AppTheme" >
46-->src/main/AndroidManifest.xml:22:9-40
47        <activity
47-->src/main/AndroidManifest.xml:23:9-31:20
48            android:name="com.parse.starter.MainActivity"
48-->src/main/AndroidManifest.xml:24:13-41
49            android:label="@string/app_name" >
49-->src/main/AndroidManifest.xml:25:13-45
50            <intent-filter>
50-->src/main/AndroidManifest.xml:26:13-30:29
51                <action android:name="android.intent.action.MAIN" />
51-->src/main/AndroidManifest.xml:27:17-69
51-->src/main/AndroidManifest.xml:27:25-66
52
53                <category android:name="android.intent.category.LAUNCHER" />
53-->src/main/AndroidManifest.xml:29:17-77
53-->src/main/AndroidManifest.xml:29:27-74
54            </intent-filter>
55        </activity>
56        <activity android:name="com.parse.starter.UserListActivity" />
56-->src/main/AndroidManifest.xml:32:9-54
56-->src/main/AndroidManifest.xml:32:19-51
57        <activity android:name="com.parse.starter.UserFeedActivity" />
57-->src/main/AndroidManifest.xml:33:9-63
57-->src/main/AndroidManifest.xml:33:19-51
58
59        <receiver android:name="com.google.android.gms.cast.framework.media.MediaIntentReceiver" />
59-->[com.google.android.gms:play-services-cast-framework:9.4.0] AndroidManifest.xml:6:9-100
59-->[com.google.android.gms:play-services-cast-framework:9.4.0] AndroidManifest.xml:6:19-97
60
61        <service android:name="com.google.android.gms.cast.framework.media.MediaNotificationService" />
61-->[com.google.android.gms:play-services-cast-framework:9.4.0] AndroidManifest.xml:7:9-104
61-->[com.google.android.gms:play-services-cast-framework:9.4.0] AndroidManifest.xml:7:18-101
62        <service android:name="com.google.android.gms.cast.framework.ReconnectionService" />
62-->[com.google.android.gms:play-services-cast-framework:9.4.0] AndroidManifest.xml:8:9-92
62-->[com.google.android.gms:play-services-cast-framework:9.4.0] AndroidManifest.xml:8:18-90
63
64        <meta-data
64-->[com.android.support:appcompat-v7:26.0.0] AndroidManifest.xml:26:9-28:38
65            android:name="android.support.VERSION"
65-->[com.android.support:appcompat-v7:26.0.0] AndroidManifest.xml:27:13-51
66            android:value="26.0.0" /> <!-- Include the AdActivity and InAppPurchaseActivity configChanges and themes. -->
66-->[com.android.support:appcompat-v7:26.0.0] AndroidManifest.xml:28:13-35
67        <activity
67-->[com.google.android.gms:play-services-ads-lite:9.4.0] AndroidManifest.xml:26:9-29:64
68            android:name="com.google.android.gms.ads.AdActivity"
68-->[com.google.android.gms:play-services-ads-lite:9.4.0] AndroidManifest.xml:27:13-65
69            android:configChanges="keyboard|keyboardHidden|orientation|screenLayout|uiMode|screenSize|smallestScreenSize"
69-->[com.google.android.gms:play-services-ads-lite:9.4.0] AndroidManifest.xml:28:13-122
70            android:theme="@android:style/Theme.Translucent" />
70-->[com.google.android.gms:play-services-ads-lite:9.4.0] AndroidManifest.xml:29:13-61
71        <activity
71-->[com.google.android.gms:play-services-ads-lite:9.4.0] AndroidManifest.xml:30:9-31:52
72            android:name="com.google.android.gms.ads.purchase.InAppPurchaseActivity"
72-->[com.google.android.gms:play-services-ads-lite:9.4.0] AndroidManifest.xml:30:19-91
73            android:theme="@style/Theme.IAPTheme" />
73-->[com.google.android.gms:play-services-ads-lite:9.4.0] AndroidManifest.xml:31:13-50
74        <activity
74-->[com.google.android.gms:play-services-appinvite:9.4.0] AndroidManifest.xml:21:9-29:20
75            android:name="com.google.android.gms.appinvite.PreviewActivity"
75-->[com.google.android.gms:play-services-appinvite:9.4.0] AndroidManifest.xml:22:17-48
76            android:exported="true"
76-->[com.google.android.gms:play-services-appinvite:9.4.0] AndroidManifest.xml:23:17-40
77            android:theme="@style/Theme.AppInvite.Preview" >
77-->[com.google.android.gms:play-services-appinvite:9.4.0] AndroidManifest.xml:24:17-63
78            <intent-filter>
78-->[com.google.android.gms:play-services-appinvite:9.4.0] AndroidManifest.xml:25:13-28:29
79                <action android:name="com.google.android.gms.appinvite.ACTION_PREVIEW" />
79-->[com.google.android.gms:play-services-appinvite:9.4.0] AndroidManifest.xml:26:17-89
79-->[com.google.android.gms:play-services-appinvite:9.4.0] AndroidManifest.xml:26:25-87
80
81                <category android:name="android.intent.category.DEFAULT" />
81-->[com.google.android.gms:play-services-appinvite:9.4.0] AndroidManifest.xml:27:17-75
81-->[com.google.android.gms:play-services-appinvite:9.4.0] AndroidManifest.xml:27:27-73
82            </intent-filter>
83        </activity>
84        <activity
84-->[com.google.android.gms:play-services-auth:9.4.0] AndroidManifest.xml:21:9-24:46
85            android:name="com.google.android.gms.auth.api.signin.internal.SignInHubActivity"
85-->[com.google.android.gms:play-services-auth:9.4.0] AndroidManifest.xml:21:19-68
86            android:excludeFromRecents="true"
86-->[com.google.android.gms:play-services-auth:9.4.0] AndroidManifest.xml:23:19-52
87            android:exported="false"
87-->[com.google.android.gms:play-services-auth:9.4.0] AndroidManifest.xml:24:19-43
88            android:theme="@android:style/Theme.Translucent.NoTitleBar" />
88-->[com.google.android.gms:play-services-auth:9.4.0] AndroidManifest.xml:22:19-78
89        <!--
90Service handling Google Sign-In user revocation. For apps that do not integrate with
91            Google Sign-In, this service will never be started.
92        -->
93        <service
93-->[com.google.android.gms:play-services-auth:9.4.0] AndroidManifest.xml:28:9-31:110
94            android:name="com.google.android.gms.auth.api.signin.RevocationBoundService"
94-->[com.google.android.gms:play-services-auth:9.4.0] AndroidManifest.xml:29:13-58
95            android:exported="true"
95-->[com.google.android.gms:play-services-auth:9.4.0] AndroidManifest.xml:30:13-36
96            android:permission="com.google.android.gms.auth.api.signin.permission.REVOCATION_NOTIFICATION" />
96-->[com.google.android.gms:play-services-auth:9.4.0] AndroidManifest.xml:31:13-107
97        <service
97-->[com.google.firebase:firebase-crash:9.4.0] AndroidManifest.xml:26:9-27:50
98            android:name="com.google.firebase.crash.internal.service.FirebaseCrashReceiverService"
98-->[com.google.firebase:firebase-crash:9.4.0] AndroidManifest.xml:26:18-79
99            android:process=":background_crash" />
99-->[com.google.firebase:firebase-crash:9.4.0] AndroidManifest.xml:27:13-48
100        <service
100-->[com.google.firebase:firebase-crash:9.4.0] AndroidManifest.xml:29:9-30:50
101            android:name="com.google.firebase.crash.internal.service.FirebaseCrashSenderService"
101-->[com.google.firebase:firebase-crash:9.4.0] AndroidManifest.xml:29:18-77
102            android:process=":background_crash" />
102-->[com.google.firebase:firebase-crash:9.4.0] AndroidManifest.xml:30:13-48
103
104        <activity
104-->[com.google.android.gms:play-services-base:9.4.0] AndroidManifest.xml:20:9-22:45
105            android:name="com.google.android.gms.common.api.GoogleApiActivity"
105-->[com.google.android.gms:play-services-base:9.4.0] AndroidManifest.xml:20:19-85
106            android:exported="false"
106-->[com.google.android.gms:play-services-base:9.4.0] AndroidManifest.xml:22:19-43
107            android:theme="@android:style/Theme.Translucent.NoTitleBar" />
107-->[com.google.android.gms:play-services-base:9.4.0] AndroidManifest.xml:21:19-78
108        <!--
109 FirebaseMessagingService performs security checks at runtime,
110             no need for explicit permissions despite exported="true"
111        -->
112        <service
112-->[com.google.firebase:firebase-messaging:9.4.0] AndroidManifest.xml:24:9-30:19
113            android:name="com.google.firebase.messaging.FirebaseMessagingService"
113-->[com.google.firebase:firebase-messaging:9.4.0] AndroidManifest.xml:25:13-82
114            android:exported="true" >
114-->[com.google.firebase:firebase-messaging:9.4.0] AndroidManifest.xml:26:13-36
115            <intent-filter android:priority="-500" >
115-->[com.google.firebase:firebase-messaging:9.4.0] AndroidManifest.xml:27:13-29:29
115-->[com.google.firebase:firebase-messaging:9.4.0] AndroidManifest.xml:27:28-51
116                <action android:name="com.google.firebase.MESSAGING_EVENT" />
116-->[com.google.firebase:firebase-messaging:9.4.0] AndroidManifest.xml:28:17-78
116-->[com.google.firebase:firebase-messaging:9.4.0] AndroidManifest.xml:28:25-75
117            </intent-filter>
118        </service>
119        <service
119-->[com.google.android.gms:play-services-tagmanager-api:9.4.0] AndroidManifest.xml:25:9-27:42
120            android:name="com.google.android.gms.tagmanager.TagManagerService"
120-->[com.google.android.gms:play-services-tagmanager-api:9.4.0] AndroidManifest.xml:25:18-84
121            android:enabled="true"
121-->[com.google.android.gms:play-services-tagmanager-api:9.4.0] AndroidManifest.xml:27:17-39
122            android:exported="false" />
122-->[com.google.android.gms:play-services-tagmanager-api:9.4.0] AndroidManifest.xml:26:17-41
123
124        <activity
124-->[com.google.android.gms:play-services-tagmanager-api:9.4.0] AndroidManifest.xml:28:9-37:20
125            android:name="com.google.android.gms.tagmanager.TagManagerPreviewActivity"
125-->[com.google.android.gms:play-services-tagmanager-api:9.4.0] AndroidManifest.xml:29:13-87
126            android:noHistory="true" > <!-- optional, removes the previewActivity from the activity stack. -->
126-->[com.google.android.gms:play-services-tagmanager-api:9.4.0] AndroidManifest.xml:30:13-37
127            <intent-filter>
127-->[com.google.android.gms:play-services-tagmanager-api:9.4.0] AndroidManifest.xml:31:13-36:29
128                <data android:scheme="tagmanager.c.com.parse.starter" />
128-->[com.google.android.gms:play-services-tagmanager-api:9.4.0] AndroidManifest.xml:32:17-72
128-->[com.google.android.gms:play-services-tagmanager-api:9.4.0] AndroidManifest.xml:32:23-69
129
130                <action android:name="android.intent.action.VIEW" />
130-->[com.google.android.gms:play-services-tagmanager-api:9.4.0] AndroidManifest.xml:33:17-69
130-->[com.google.android.gms:play-services-tagmanager-api:9.4.0] AndroidManifest.xml:33:25-66
131
132                <category android:name="android.intent.category.DEFAULT" />
132-->[com.google.android.gms:play-services-appinvite:9.4.0] AndroidManifest.xml:27:17-75
132-->[com.google.android.gms:play-services-appinvite:9.4.0] AndroidManifest.xml:27:27-73
133                <category android:name="android.intent.category.BROWSABLE" />
133-->[com.google.android.gms:play-services-tagmanager-api:9.4.0] AndroidManifest.xml:35:17-77
133-->[com.google.android.gms:play-services-tagmanager-api:9.4.0] AndroidManifest.xml:35:27-75
134            </intent-filter>
135        </activity>
136
137        <receiver
137-->[com.google.firebase:firebase-analytics:9.4.0] AndroidManifest.xml:28:7-34:18
138            android:name="com.google.android.gms.measurement.AppMeasurementReceiver"
138-->[com.google.firebase:firebase-analytics:9.4.0] AndroidManifest.xml:29:11-83
139            android:enabled="true" >
139-->[com.google.firebase:firebase-analytics:9.4.0] AndroidManifest.xml:30:11-33
140            <intent-filter>
140-->[com.google.firebase:firebase-analytics:9.4.0] AndroidManifest.xml:31:9-33:25
141                <action android:name="com.google.android.gms.measurement.UPLOAD" />
141-->[com.google.firebase:firebase-analytics:9.4.0] AndroidManifest.xml:32:11-77
141-->[com.google.firebase:firebase-analytics:9.4.0] AndroidManifest.xml:32:19-75
142            </intent-filter>
143        </receiver>
144
145        <service
145-->[com.google.firebase:firebase-analytics:9.4.0] AndroidManifest.xml:36:7-39:37
146            android:name="com.google.android.gms.measurement.AppMeasurementService"
146-->[com.google.firebase:firebase-analytics:9.4.0] AndroidManifest.xml:37:11-82
147            android:enabled="true"
147-->[com.google.firebase:firebase-analytics:9.4.0] AndroidManifest.xml:38:11-33
148            android:exported="false" />
148-->[com.google.firebase:firebase-analytics:9.4.0] AndroidManifest.xml:39:11-35
149
150        <receiver
150-->[com.google.firebase:firebase-iid:9.4.0] AndroidManifest.xml:32:9-41:20
151            android:name="com.google.firebase.iid.FirebaseInstanceIdReceiver"
151-->[com.google.firebase:firebase-iid:9.4.0] AndroidManifest.xml:33:13-78
152            android:exported="true"
152-->[com.google.firebase:firebase-iid:9.4.0] AndroidManifest.xml:34:13-36
153            android:permission="com.google.android.c2dm.permission.SEND" >
153-->[com.google.firebase:firebase-iid:9.4.0] AndroidManifest.xml:35:13-73
154            <intent-filter>
154-->[com.google.firebase:firebase-iid:9.4.0] AndroidManifest.xml:36:13-40:29
155                <action android:name="com.google.android.c2dm.intent.RECEIVE" />
155-->[com.google.firebase:firebase-iid:9.4.0] AndroidManifest.xml:37:17-81
155-->[com.google.firebase:firebase-iid:9.4.0] AndroidManifest.xml:37:25-78
156                <action android:name="com.google.android.c2dm.intent.REGISTRATION" />
156-->[com.google.firebase:firebase-iid:9.4.0] AndroidManifest.xml:38:17-86
156-->[com.google.firebase:firebase-iid:9.4.0] AndroidManifest.xml:38:25-83
157
158                <category android:name="com.parse.starter" />
158-->[com.google.firebase:firebase-iid:9.4.0] AndroidManifest.xml:39:17-61
158-->[com.google.firebase:firebase-iid:9.4.0] AndroidManifest.xml:39:27-58
159            </intent-filter>
160        </receiver>
161        <!--
162 Internal (not exported) receiver used by the app to start its own exported services
163             without risk of being spoofed.
164        -->
165        <receiver
165-->[com.google.firebase:firebase-iid:9.4.0] AndroidManifest.xml:45:9-47:40
166            android:name="com.google.firebase.iid.FirebaseInstanceIdInternalReceiver"
166-->[com.google.firebase:firebase-iid:9.4.0] AndroidManifest.xml:46:13-86
167            android:exported="false" />
167-->[com.google.firebase:firebase-iid:9.4.0] AndroidManifest.xml:47:13-37
168        <!--
169 FirebaseInstanceIdService performs security checks at runtime,
170             no need for explicit permissions despite exported="true"
171        -->
172        <service
172-->[com.google.firebase:firebase-iid:9.4.0] AndroidManifest.xml:51:9-57:19
173            android:name="com.google.firebase.iid.FirebaseInstanceIdService"
173-->[com.google.firebase:firebase-iid:9.4.0] AndroidManifest.xml:52:13-77
174            android:exported="true" >
174-->[com.google.firebase:firebase-iid:9.4.0] AndroidManifest.xml:53:13-36
175            <intent-filter android:priority="-500" >
175-->[com.google.firebase:firebase-iid:9.4.0] AndroidManifest.xml:54:13-56:29
175-->[com.google.firebase:firebase-iid:9.4.0] AndroidManifest.xml:54:28-51
176                <action android:name="com.google.firebase.INSTANCE_ID_EVENT" />
176-->[com.google.firebase:firebase-iid:9.4.0] AndroidManifest.xml:55:17-80
176-->[com.google.firebase:firebase-iid:9.4.0] AndroidManifest.xml:55:25-77
177            </intent-filter>
178        </service>
179
180        <provider
180-->[com.google.firebase:firebase-common:9.4.0] AndroidManifest.xml:7:9-11:39
181            android:name="com.google.firebase.provider.FirebaseInitProvider"
181-->[com.google.firebase:firebase-common:9.4.0] AndroidManifest.xml:9:13-58
182            android:authorities="com.parse.starter.firebaseinitprovider"
182-->[com.google.firebase:firebase-common:9.4.0] AndroidManifest.xml:8:13-72
183            android:exported="false"
183-->[com.google.firebase:firebase-common:9.4.0] AndroidManifest.xml:10:13-37
184            android:initOrder="100" />
184-->[com.google.firebase:firebase-common:9.4.0] AndroidManifest.xml:11:13-36
185
186        <meta-data
186-->[com.google.android.gms:play-services-basement:9.4.0] AndroidManifest.xml:21:9-23:69
187            android:name="com.google.android.gms.version"
187-->[com.google.android.gms:play-services-basement:9.4.0] AndroidManifest.xml:22:13-58
188            android:value="@integer/google_play_services_version" />
188-->[com.google.android.gms:play-services-basement:9.4.0] AndroidManifest.xml:23:13-66
189    </application>
190
191</manifest>